<?xml version="1.0" encoding="UTF-8"?>
<testng-results ignored="0" total="1" passed="1" failed="0" skipped="0">
  <reporter-output>
  </reporter-output>
  <suite started-at="2023-06-30T15:53:44 IST" name="Default suite" finished-at="2023-06-30T15:54:40 IST" duration-ms="56138">
    <groups>
    </groups>
    <test started-at="2023-06-30T15:53:44 IST" name="Default test" finished-at="2023-06-30T15:54:40 IST" duration-ms="56138">
      <class name="test1.Module1">
        <test-method is-config="true" signature="connect()[pri:0, instance:test1.Module1@3a7442c7]" started-at="2023-06-30T15:53:44 IST" name="connect" finished-at="2023-06-30T15:53:45 IST" duration-ms="617" status="PASS">
          <reporter-output>
          </reporter-output>
        </test-method> <!-- connect -->
        <test-method signature="testDB()[pri:0, instance:test1.Module1@3a7442c7]" started-at="2023-06-30T15:53:45 IST" name="testDB" finished-at="2023-06-30T15:54:40 IST" duration-ms="55353" status="PASS">
          <reporter-output>
          </reporter-output>
        </test-method> <!-- testDB -->
        <test-method is-config="true" signature="disConnect()[pri:0, instance:test1.Module1@3a7442c7]" started-at="2023-06-30T15:54:40 IST" name="disConnect" finished-at="2023-06-30T15:54:40 IST" duration-ms="85" status="PASS">
          <reporter-output>
          </reporter-output>
        </test-method> <!-- disConnect -->
      </class> <!-- test1.Module1 -->
    </test> <!-- Default test -->
  </suite> <!-- Default suite -->
</testng-results>
